Case #1:
10110101000010110110000100100011 3 2 5 2 7 2 3 2 11
10111001100100110011011000010011 3 2 5 2 7 2 3 2 11
10111100100111101000101010100001 3 2 7 2 19 2 3 2 47
11101111010010001101010101111111 3 5 3 3 19 3 3 2371 3
11011001011010100011111010101111 5 2 17 2 5 2 5 2 101
11100100010100111001011000010111 47 2 937 2 11 2 37 2 4483
11101100000001011111111100010011 5 2 3 2 19 2 5 2 3
11010100111000010110011100000101 5 7 3 19 5 3 23 5 3
10110010110101011101101000101101 3 2 3 2 7 2 3 2 3
10110101100001100000100101011101 3 5 3 3 5 3 3 47 3
11001100010110100111101110000001 3 2 5 2 7 2 3 2 7
11100000010000000001101101110111 41 2 13 2 59 2 7 2 109
10010110111000101111111110101001 5 2 17 2 5 2 5 2 101
10001111000111000111011110011011 5 7 41 113 67 5 617 13 7
11011110000100000100111001100111 29 2 673 2 29 2 5 2 19
10001010101101111001101100101011 3 2 3 2 31 2 3 2 3
10000010100010110101100010010001 11 2 3 2 617 2 29 2 3
10101101010001001010011100110101 53 2 11 2 67 2 2237 2 821
10101100010110000010010101001111 193 5 3 157 5 3 5 19 3
10101100111010110101100110101001 5 2 3 2 19 2 23 2 3
10100011101100001010011010111011 23 11 7 13 7 11 11 11 15887
10111110100000111010101010110101 3 2 3 2 19 2 3 2 3
10110100101000110111000110110111 3 2 3 2 7 2 3 2 3
10100000000100011111001110010011 3 2 5 2 7 2 3 2 11
11000101100100111110010010001001 7 11 3 31 5 3 73 7 3
10110111001111111100111010010001 3 2 5 2 5 2 3 2 7
11011111000100010011010001110111 3 2 3 2 23 2 3 2 3
10010111001000000000110110011111 5 7 3 193 5 3 191 89 3
10011011101101000010100000011011 3 647 3 3 5 3 3 47 3
11100010001000001000101110001001 3 2 3 2 17 2 3 2 3
11000010010100001101011110010001 19 2 7 2 59 2 7 2 7
11000101011001110101001001111001 13 5 5 7 1103 13 5 5 41
11000000001010011100001000101011 5 2 3 2 37 2 5 2 3
11111101000100110110100001111111 37 2 8419 2 5 2 17 2 4603
11100010011011110111111001001101 3 2 5 2 5 2 3 2 11
11110000000111101111100100000011 3 2 5 2 7 2 3 2 11
11101011000111100001100001100101 3 2 5 2 7 2 3 2 11
10011110011011000100010001010111 421 2 149 2 29 2 29 2 7
11000001010000110100010101100001 3 2 3 2 19 2 3 2 3
11110101111011111011101000000101 3 2 5 2 5 2 3 2 11
11101111000101101011110101100001 11 127 31 11 1181 197 167 13 151
10010000011011110101111000100101 467 2 11 2 3347 2 37 2 7
10101000101101001011111100110011 5 2 3 2 13 2 181 2 3
11101101000000001011011010111111 5 2 3 2 37 2 5 2 3
10000101001110100010111000001111 3 13 3 3 5 3 3 7 3
11011110001001000001010101001101 7 5 3 7 5 3 5 5 3
11100000110110100100111101100001 3 2 5 2 7 2 3 2 11
11000101001011011110101001011011 3 2 3 2 7 2 3 2 3
11011011001010010010110011010001 3 2 5 2 7 2 3 2 11
11100011011110101111001011100001 3 4783 7 3 19 13 3 11 67
11100011001000111100010011000111 3 2 5 2 7 2 3 2 11
11110111100101011000001011101111 3 2 5 2 5 2 3 2 11
11110101100111101010011000111111 7 13 3 31 43 3 7 7 3
11100010011010011011011111111101 7 37 3 2447 23 3 7 7 3
10100000110011100001110111110111 3 2 3 2 7 2 3 2 3
11100101100010001010011101010101 1493 2 1777 2 443 2 89 2 7
10001110101001001100101011010011 11 2 7 2 173 2 89 2 193
11011100111111001110100000010011 3 2 3 2 7 2 3 2 3
10111000100100011000110000111011 3 5 3 3 5 3 3 4261 3
11001010110000001000100111011001 7 2 577 2 29 2 7 2 6521
11010100001110010110010111101011 5 2 3 2 11 2 5 2 3
10111011111001011111100001010011 3 2 5 2 5 2 3 2 11
11000001000111001011100010011111 3 2 5 2 7 2 3 2 11
11011111101000001011101101011101 3 2 5 2 5 2 3 2 11
11000011101111011110001101001001 3 2 3 2 7 2 3 2 3
10111011011111010001000000011101 3 7 13 3 31 43 3 29 7
10101001101110010001010001101101 3 2 5 2 7 2 3 2 11
10000100010000011011111100100101 5 2 17 2 11 2 5 2 101
11111110100001101110011001100011 3 5 11 3 1733 1151 3 11 23
10100110110011100011110100001011 3 7 31 3 73 1151 3 7 7
11011011101010100011010010001111 7 2 3 2 547 2 2467 2 3
10010011111111110001110111011011 5 2 13 2 71 2 227 2 23
10111101010111010010111100101011 3 2 5 2 5 2 3 2 7
11111110100110110110100110100011 89 2 19 2 5 2 11 2 263
10101001011100111100010011000111 12437 2179 41 4241 19 61 131 239 89
10110111100001000011110100010001 3 3083 3 3 5 3 3 37 3
11000101111101011111001110001111 3 23 3 3 307 3 3 107 3
11110010100101101110001011011111 907 2 13 2 5 2 9497 2 79
10111000101011110110110011010111 3083 2 163 2 5 2 11 2 7
11001010110010100110010010111001 8123 2 47 2 13 2 43 2 17
10000001001110101011001100011001 17 2 257 2 211 2 7 2 7
11000111110110100100101111010111 21317 2 7 2 5 2 139 2 4861
11111110010011101110001110000011 3 7 52391 3 191 5 3 7 7
10001011100001111100101000011111 3 5 13 3 11 41 3 17 7
10001101000100101111010011010011 43 2 83 2 47 2 197 2 62383
11111100111011101011111111011001 547 2 3 2 3709 2 5 2 3
11010001111100100010111111100111 3 2 5 2 5 2 3 2 11
10011110001101110000000011000101 5 2 17 2 37 2 5 2 101
11111111110111001101010111100111 7 2 3 2 13 2 73 2 3
10100011110001110000100100010001 13 47 241 7 13 13 37 6481 347
10010111010111001101001000000111 5 2 17 2 29 2 5 2 19
10110001100000101011100110100011 5 5 3 59 5 3 5 5 3
11111001110111101100111010000111 7 13 3 31 43 3 7 7 3
10111010001011111011011101010101 3 2 5 2 5 2 3 2 7
10111001110011101000010000010111 3 2 5 2 7 2 3 2 11
10100110111110111001000000000111 53 2 71 2 19 2 17 2 157
10010001110011010111111000110011 17 2 3 2 1297 2 17 2 3
11010001100011101110110111101101 3 2 5 2 5 2 3 2 7
10101001100101101010000000101011 3 2 7 2 3701 2 3 2 19
10111110000111100010001101000001 5 13 3 19 5 3 73 7 3
11101001101111001011011100000101 3 2 3 2 7 2 3 2 3
11010101000001010101001111001001 7 5 3 107 5 3 5 7 3
11010000101011110000100010011101 13 17 3 7 5 3 43 43 3
10011011010111010100011111101111 3 23 3 3 19 3 3 19 3
11100011101100010000010110101101 3 2 5 2 7 2 3 2 11
10111110101100011010010001101011 37 2 3 2 13 2 23 2 3
10101110001000100001000011011101 5 2 17 2 37 2 5 2 101
11101001011100001101111011100111 3 2 5 2 5 2 3 2 11
11000010000011001111111011001001 7 2 241 2 13 2 11 2 7
11010010011100101010110100110111 3 2 3 2 7 2 3 2 3
11101111001100110000110101111011 3 2 5 2 5 2 3 2 11
10111111101101010000011011100001 3 2 3 2 7 2 3 2 3
11001100000101010111101111110111 5 2 17 2 5 2 5 2 17
11111010000011011001101001001111 397 2 3 2 257 2 773 2 3
11000101001110100011001100100011 1481 5 3 41 5 3 5 4519 3
10010010001000010011000100110011 3 2 3 2 7 2 3 2 3
10110000101001001100010111110011 3 2 5 2 7 2 3 2 11
11011111110011100110111000011111 3 2 5 2 7 2 3 2 11
10111110011010110000110000111111 3 1663 9871 3 59 11 3 233 43
11101111000111100111011010001111 5 7 3 7 47 3 7 37 3
11100000100111110101100001110111 5 2 3 2 11 2 5 2 3
11010010101100000101001100101111 3 2 5 2 7 2 3 2 11
10111100011100001001110000011101 5 2 8273 2 1307 2 19 2 557
11110001111111011010000001001111 20359 13 11 7 67 13 157 1499 23
11110110001011010010000100111001 3 2 5 2 7 2 3 2 11
11111011110011010100111011100111 3 2 5 2 7 2 3 2 11
11010101010110001010000001011011 3 5 3 3 5 3 3 7 3
10011110100111001011110101110011 3 2 5 2 5 2 3 2 11
11000101100101110111000011111111 5 2 17 2 5 2 5 2 101
10110001111000100111010010000111 3 2 5 2 7 2 3 2 11
11011001111100011001010000110011 3 107 17 3 89 17 3 43 677
10010000111000000101111101110001 3 13 3 3 5 3 3 7 3
11011010000101110001011101000101 3 2 7 2 11 2 3 2 17
10101010000010111111101101000011 83 5 5 19 13 23 5 5 31
10111010101110101000101011011011 3 7 13 3 31 43 3 73 7
11111101011110011111100101001101 5 2 23719 2 4973 2 23 2 7
11101000000101011010110101000101 3 53 3 3 5 3 3 3067 3
10111100101110000101011011000111 3 2 3 2 7 2 3 2 3
11100100100011010100111111100101 149 2 3 2 89 2 5 2 3
11110110011100011101010101111011 5 1049 3 337 67 3 7 5 3
10001000001100010101011001110101 11 2 11 2 19 2 7 2 3739
11111011011111101011101100110111 257 2 3 2 107 2 23 2 3
10101011011111001101111000111011 3 7 3 3 31 3 3 43 3
11100010000111101000111010000101 3 5 3 3 5 3 3 7 3
10001011001011000001101101011101 3 2 5 2 7 2 3 2 11
11101010010001011010111100010111 3 2 3 2 7 2 3 2 3
10101011111101100101110111010111 5 2 17 2 37 2 5 2 13
11011001111101000110000011100011 7 71 11 157 17 521 19 7 433
11010001000110110110001010001011 137 877 3 17 5 3 127 457 3
10000010110000100011100001000111 13 2 3 2 1187 2 13933 2 3
11101100011111000011111000100101 3 2 3 2 7 2 3 2 3
10100101000111011011100001001011 3 2 5 2 7 2 3 2 11
11010110110110110001111000001101 17 2 3 2 71 2 29 2 3
10000111101011101001110000000011 3 7 3 3 5 3 3 31 3
11011111011110110011010000101111 5 31 3 229 67 3 7 8369 3
11011001000010111100101010001001 3 7 3 3 5 3 3 73 3
11101011100000110000110010101001 7 5 3 7 5 3 5 5 3
10101001100110010001110000001101 3 2 5 2 7 2 3 2 11
10100101100001101000100101110111 3 2 5 2 7 2 3 2 11
10100001101110011001100000010101 3 2 5 2 7 2 3 2 11
11110111011000010110101100001001 5 4493 83 71 53 5 61 17 71
10110010100001001000101000011001 19 2 3 2 23 2 11 2 3
11001111110111001110011111111011 3 2 3 2 7 2 3 2 3
11011111010100011000000110001011 107 2 11 2 11 2 103 2 29
10111001110010110110101110011101 7 2 101 2 5 2 74219 2 191
10100001000000110101100000110011 3 2 3 2 7 2 3 2 3
11100011111010000010000011111001 5 2 17 2 37 2 5 2 19
10000111100000010101111011000001 43 2 11807 2 11 2 7 2 13
10011001100100110010001101100111 3 2 5 2 7 2 3 2 11
11011111010000011110100011111011 3 2 5 2 5 2 3 2 11
10110100100010111010100010101001 73 29 3 7 5 3 2693 19 3
11001100100101011110110101011111 5 2 4013 2 5 2 1759 2 7
11010000010101100011100111100111 3 569 13 3 67 13 3 61261 29
10010101010000001100011010000011 11 2 3 2 89 2 523 2 3
11010111111111110011111110010101 19 2 3 2 103 2 1693 2 3
10111111000011111001010100011001 5 2 3 2 173 2 37 2 3
10110000110101111110001101001111 11 103 311 23 229 25031 383 61 401
10011011111011100100010100001001 3 2 5 2 7 2 3 2 7
10001101110010101100011110001011 3 263 17 3 97 11 3 2539 32479
11010010110101100010100100000111 31 8501 3 211 5 3 19 19 3
10110100100011011110110001111101 359 23 349 11 19 11 13 11 37181
10101101110010010101101111001101 5 5 11 107 1249 5 5 1471 97
11010001101101101111000000000001 12037 2 23 2 8461 2 7 2 13
11101100010111000001110000101001 37 7 3 11 5 3 13 3499 3
11100110100111100100100101111001 3 2 3 2 7 2 3 2 3
11100100011100001110011011000011 3 2 5 2 7 2 3 2 11
10111111001011111000011000000011 3 7 13 3 31 5 3 73 7
11010011001010100100101101110001 3 2 5 2 7 2 3 2 11
10100100100101101110110101001001 3 2 5 2 7 2 3 2 11
10011000000101111011111100100111 3 2 3 2 7 2 3 2 3
11111101111110001110000100011111 7 5 3 31 11 3 5 7 3
10000001011100110001010000110111 409 2 211 2 19 2 7 2 673
11111111101101110011000010100001 31 19 1511 13 19 108929 71 181 31
10000110001011000001010011101101 3 2 5 2 7 2 3 2 11
11101011111000010010011001011101 3 2 3 2 7 2 3 2 3
11101111101000100111111101010101 37 5 3 7 227 3 5 11 3
10110110000000100010101000100011 3 2 3 2 113 2 3 2 3
11000101110101010100000110111001 3 2 2971 2 5581 2 3 2 105323
10110111010001101101010110001011 5 2 3 2 19 2 5 2 3
10100011011111011011011010010111 3 2 5 2 5 2 3 2 11
10010000110000000110101000011101 3 2 3 2 7 2 3 2 3
11001110111100001001001001110111 3 2 3 2 7 2 3 2 3
11101101110111100101010001101011 5 2 7 2 5 2 83 2 23
10000001111011001001010101100111 6343 2 7 2 53 2 47 2 13
11011111111011001100100111000011 3 2 5 2 5 2 3 2 11
10011111111000011111100101000111 13 2 23 2 5 2 11 2 409
10111101000010011000110100000101 23 2 101 2 11 2 5 2 59
10111010011011001011011001101111 19 2 67 2 5 2 137 2 8081
10011110001010010010000101101001 181 2 7 2 31247 2 7 2 7
11011101010101001111101001100011 3 149 113 3 191 17 3 929 4663
11110111010000000100100011011011 7 2 139 2 619 2 37 2 13
11000100101110110010101010110011 7 5 5 7 1663 109507 5 5 661
11100111111010111000100101111111 5 2 17 2 37 2 5 2 7
10100000010111111011010010000001 3 2 5 2 7 2 3 2 11
11000101000011100011110101101111 19 2 3 2 11 2 29 2 3
10010011010000101110011100110001 17 593 3 17 5 3 13 109 3
10011110100100111010100001100001 3 73 3 3 5 3 3 113 3
10100111110000100111111001011001 3 2 3 2 7 2 3 2 3
10010010100100111010011110000111 5 2 3049 2 29 2 467 2 7
11001000000000110110010000010001 5 2 17 2 5 2 5 2 31
11001010001011110100011100000111 3 2 5 2 7 2 3 2 11
10110000000100110011101010111011 5 2 7 2 4933 2 1933 2 23
11000100000101111110110100101101 3 5 19 3 11 107 3 13 23
11001100001110011101110001111111 23 2 89 2 5 2 5 2 31
11100010110000000100111101110011 3 2 5 2 7 2 3 2 11
10000101110111001011001001100011 3 2 5 2 7 2 3 2 11
10100001110010010000101101011101 7 11 3 13 5 3 73 7 3
10110001101011001000001011111101 3 5 229 3 96293 239 3 13 19
10000001001101101111100100001001 3 2 5 2 7 2 3 2 11
11100001110111100000110111101111 3 2 5 2 5 2 3 2 11
10011011101001100110101000101101 7369 193 5 27529 41161 967 83 5 113
11111101000011100111010000011011 5 2 3 2 23 2 5 2 3
11001000011000000001111010000101 3 2 3 2 7 2 3 2 3
11001101111111000011001011011011 3 2 5 2 5 2 3 2 11
10010111000011101100001010111001 17 2 19 2 13 2 11 2 6113
11000000011001010100001110111011 149 31 3 149 5 3 21997 37 3
11001001011100111111010010110101 3 7 11 3 31 43 3 43 7
11100001111001001110000101101101 97 43 19 7 19 11 31 271 3823
10111101000011000100110100000011 11 2 107603 2 13 2 7 2 7
11111000100001100011010000001101 3 2 5 2 7 2 3 2 11
11111110100001010001001111100001 293 47 11 37 13 23 23 29 113
11001101000000000011011111010101 2239 1601 3 17 5 3 18731 5 3
11011001001101000010011000110111 79 2 3037 2 59 2 5 2 5171
11011011000100001110100010101111 3 5 11 3 59 59 3 1187 7
11101000010011011110000111101001 7 7 149 37 23 59 13 7 7
11100001100001100100000100101101 7 17 181 19 599 11 59 7 71
10100010000001101000110001010101 3 2 3 2 7 2 3 2 3
11110001010110101110100010001101 10831 7 37 211 3041 149 17 293 7
10110111110010001000000110010011 7 7 3 5531 5 3 13 7 3
11101110111100111111000001001001 7 1277 47 701 2129 11 11 7 647
10110110011100001011110100000011 3 2 5 2 7 2 3 2 11
11101001000100100001110100110111 5 2 7 2 19 2 547 2 163
10001001110011101110100101011101 3 2 3 2 7 2 3 2 3
11000011010111011110101111001011 3 2 5 2 5 2 3 2 11
11001010111000100000000110100001 5 2 3 2 23 2 5 2 3
10110001100100000111100011001101 17 23 3 13 5 3 19 19 3
10010100000101111000010100010001 3 2 3 2 293 2 3 2 3
10001101110001011010111111110011 3 2 5 2 5 2 3 2 11
11001100111000010000010001100001 5 2 3 2 19 2 11 2 3
10111011110110111000010001110111 3 2 5 2 5 2 3 2 11
10011100100000000111011011000101 293 2 1259 2 47 2 7 2 71
11110000000111011001111001101011 3 2 3 2 7 2 3 2 3
11011010111101111100100110000111 3 2 5 2 5 2 3 2 11
10000000011111010000100001001011 3 2 3 2 7 2 3 2 3
11010110101011000100000111001001 11 4129 3 41 5 3 13 89 3
11010011101000011111101011010001 3 2 3 2 7 2 3 2 3
11111001000010101010010001111111 5 2 3 2 11 2 5 2 3
11110000011000111100001110110001 3 2 5 2 7 2 3 2 11
10000100100000001101011100010111 3 31 43 3 11 97 3 431 59
10110110010000001001010110010001 3 7 13 3 11 5 3 73 7
11100011111001000010101000100001 5 2 31 2 181 2 7 2 7
10100110010100101010100101011011 43 2 23 2 89 2 29 2 239
10000111110010001101100111011011 3 2 3 2 7 2 3 2 3
10111000001110100101100000101101 3 7 3 3 5 3 3 73 3
10000000100010111110111111111101 3 7 13 3 11 43 3 73 7
11000010100100101001011001011111 3 2 5 2 7 2 3 2 11
10111000000010110101010001110101 3 3119 3 3 5 3 3 47 3
10000110111110010010100010100111 5 2 17 2 37 2 5 2 23
10111000001011011011101100000001 3 7 3 3 5 3 3 73 3
10011001011100101000011100110101 5 2 198503 2 13669 2 19 2 17
10110110101100111110000111111001 5 2 7 2 5 2 73859 2 50387
10011110111111010100011011101111 3 2 5 2 7 2 3 2 11
10000001001111111001111101010101 1061 2 3 2 83 2 5 2 3
10111000000000010011010110010111 73 2 3391 2 2659 2 7 2 107
10100011010110000001011001100011 3 2 5 2 7 2 3 2 7
10001001000100101011100001001111 29 2 13 2 103 2 7 2 157
10101101100100111101011000111001 3 2 3 2 7 2 3 2 3
11110110011001011011011001110011 6947 2 79 2 5 2 13 2 262583
10101010001010000100101000111101 3 2 17 2 13 2 3 2 101
10001001101101100001110100011101 409 2 11 2 71 2 3943 2 23
10100011110000000111011001111111 3 2 3 2 7 2 3 2 3
11000000011110111001100000010101 13 2 37 2 5393 2 7 2 71
11001011000010011010010100011101 7 7 3 13 5 3 11 7 3
11000111000001011100010011011001 1187 7 3 70393 5 3 13 5 3
11111001001110001101111110101011 3 601 3 3 1031 3 3 11 3
10101000001111111100011001110011 17 2 3 2 1297 2 17 2 3
11110011111000000100001100001111 3 2 5 2 7 2 3 2 11
10000010010111011001101100100101 5 13 3 11 5 3 73 7 3
10110110001000011110010001000111 293 7 3 13 5 3 11731 113 3
11000010111111000101101011000111 3 2 3 2 7 2 3 2 3
10110111111000111101101101100001 3 2 5 2 5 2 3 2 11
11100011111011101001011011010111 5 17 3 67 811 3 7 61 3
11111011001000101110101110111001 3 2 13 2 5 2 3 2 7
10011010100101011010100001110011 7 2 163 2 11 2 5 2 7
11100010011100011010110110101011 479 2 3 2 13 2 211 2 3
10010010000100011110101000101101 17 2 11 2 1297 2 7 2 73
10111001110001000101101101100011 79 11 7 23 47 41 149 1499 977
10011001100110100110011100001001 7 13 3 23 5 3 13 7 3
11001000101001000111000011010111 829 5 3 23 5 3 5 29 3
11000001101011001011101100100001 3 7 3 3 5 3 3 883 3
10101111001111100100101010100001 7 1613 5 431 277 439 109 5 557
10101100111000101011101110001011 29 2 3 2 11 2 31 2 3
11111111100111010100111101101111 11 2 3 2 13 2 61 2 3
10110011001101110001010111110001 11 2 3 2 739 2 11 2 3
11011110110011011110110110011011 3 2 5 2 7 2 3 2 11
10010110011001111111111000000011 3 2 3 2 7 2 3 2 3
10011100011110110010100000010011 7 197 3 40813 5 3 29 7 3
11011000101100011111011010011001 3 2 3 2 7 2 3 2 3
11111111010111111100100101110111 5 2 3 2 37 2 5 2 3
10101011111011101111100001110001 5 2 17 2 5 2 5 2 7
10010010001001011011100100000001 3 2 3 2 7 2 3 2 3
11110111010010100101111111001011 41 219767 3 17 61 3 7 11 3
11011101110100110010111111101001 7 5 3 31 43 3 5 7 3
10010100001110101010001110010111 5 2 7 2 31 2 37 2 29
10011110011100001111001000110011 19 11 7 67 227 28201 13 29 13
10010111011001010000001100001001 3 5 59 3 11 37 3 349 17
10010100110101010101111001111111 3 2 11 2 5 2 3 2 17
10110001110110010001100000101011 241 71 3 73 5 3 19 29 3
11001101000000110101100001000101 5 131 5 25261 617 5 29 5 13
11000010111111101100110011000101 3 2 3 2 7 2 3 2 3
11100000001110011000000111100101 3 2 5 2 7 2 3 2 11
11001110010011111000111110111011 3 7 3 3 31 3 3 73 3
10110110100101000001101001100111 3 2 5 2 7 2 3 2 7
10000001000110010001111111001011 11 5 3 17 5 3 5 11 3
11111000000011000000110110011111 3 2 5 2 7 2 3 2 11
11101111001000100011000111101111 3 67 131 3 19 823 3 7 13
11011110010000111101001011100011 3 2 3 2 7 2 3 2 3
11000100100101001010000101101101 11 2 373 2 103 2 7 2 61
11101011110010000110001010011111 19 2 3 2 13921 2 17 2 3
11010100101101100001000111101001 13 2 269 2 379 2 14033 2 13
11000001100110010111001010001111 3 2 5 2 7 2 3 2 11
11000010010011100000100100001001 5 37 421 23 17 5 167 97 13
11011110010011011100011000111001 7 2 3 2 149 2 59 2 3
11111111000000100011100110010001 3 2 5 2 7 2 3 2 7
10001111001010110100100111111001 7 2 3 2 43 2 73 2 3
11110011001010101001000010001101 3 59 3 3 5 3 3 569 3
10100010011110101000111010011101 13 103 5 19 193 47507 4073 5 17
11011001010111011000011100001111 5 2 3 2 11 2 5051 2 3
11101001000111000100111110001111 3 2 3 2 7 2 3 2 3
11100001101100111000010100110111 11 19 37 13 283 23 11 19 79
11011000111010010110110111100111 3 2 5 2 5 2 3 2 11
10101101011110011111101011011101 3 2 5 2 7 2 3 2 11
11001011110011010000000100000101 3 73 241 3 13 13 3 149 59
10000010111100100010110001100111 3 653 3 3 5 3 3 23 3
10001110000101011001000111000111 3 5 3 3 5 3 3 131 3
10001111011000000111001010101101 31 2 7 2 13 2 41 2 48989
10110100110010101101000001011101 9871 2 757 2 13933 2 5 2 1259
10110110100001010110010010001101 3389 5 3 839 5 3 5 103 3
10001011111100111010111011000111 5 2 7 2 5 2 5 2 101
10110010101000001100110100000011 3 7 13 3 31 43 3 73 7
11111011100111100101001000111101 3 2 5 2 5 2 3 2 11
11111010000010001001011011010001 13 5 3 241 5 3 5 67 3
11000110111111001111100110110111 3 2 5 2 7 2 3 2 11
10000110100011111100010000010011 3 2 5 2 7 2 3 2 11
11101100111100111010000110100011 43 2 3 2 1451 2 1063 2 3
10110000100000000111001001110111 3 2 5 2 7 2 3 2 11
10111010011110011001011000010001 3 2 5 2 7 2 3 2 11
10010011101000111011101110111011 3 2 7 2 5 2 3 2 43
11101100101100111100100010001111 47 2 3 2 11 2 5 2 3
10100101101010100001010100011111 3 2 5 2 7 2 3 2 11
11011000101010000111101110011011 14869 2 3 2 587 2 461 2 3
11010010101000010110111010110111 7 2 3 2 13 2 349 2 3
11011111000110010101010110000001 3 2 31 2 11 2 3 2 7
10101001010111111110110011100011 19 2 59 2 5 2 37 2 59
10110111100100101100010001011101 3 7 11 3 31 43 3 73 7
10010110111011110100100011100101 3 2 3 2 7 2 3 2 3
11001001011010011000011110010101 5 2 191 2 19 2 787 2 7
10010110010011101010000111011011 7 593 31 140339 11 37 43 7 14551
10111101100111111000111010001101 31 2 11 2 5 2 13 2 41
11011111110001110101100001010111 3 2 11 2 5 2 3 2 29
11111001100100101101011101101011 3 2 5 2 5 2 3 2 11
11010010100101000100110001001101 881 2 151 2 47 2 7 2 59
11011101010000010011011111100101 3 2 3 2 37 2 3 2 3
11011010010000111100100111110111 47 139 7 5503 103 9391 23 439 139
11100010111101001000011100011001 3 2 5 2 7 2 3 2 11
11101010010100011101001000111111 3 2 3 2 7 2 3 2 3
10101001011101001011000100100001 3 2 5 2 7 2 3 2 11
10111011001111110100010010100001 353 5 37 4243 17 11 5 271 107
10111001110000010111001100111011 3 2 3 2 7 2 3 2 3
11010100000101000010101011010001 3 19 19 3 13 137 3 17 457
11000011110011001010011000100101 23 383 3 349 5 3 79 677 3
10000110011110000010011001101011 3 937 3 3 5 3 3 19 3
11011010001010001111101111101111 11 11 3 7 617 3 7 5 3
10101110011001010011001010010101 3 2 5 2 7 2 3 2 11
11111000111011111110011010001111 5 2 59743 2 11 2 61 2 769
10100111110000000000111111000101 11 5 3 7 5 3 5 9277 3
10110110100001001000111010110001 3 43 3 3 5 3 3 79 3
11010011100001110110011011000111 1777 2 3 2 13 2 89 2 3
11000000101011110101011011000001 17 5 3 17 5 3 5 47 3
11001011110100110111010100110001 5 2 3 2 1049 2 37 2 3
10010000100001011010101001101101 23 2 499 2 11 2 7 2 13691
10110101011110100010001110000011 12323 2 7 2 13 2 3371 2 13
11111001111101111111111001010011 17 2 3 2 41 2 521 2 3
11111111010110110011001001101111 3 2 5 2 7 2 3 2 11
10001000000101100001010101101001 13997 2 3 2 1201 2 179 2 3
11111101011011110101110000010011 5 2 7 2 5 2 5 2 13
11011001010011000111010010010101 3 2 7 2 17 2 3 2 641
10110011001100111001000110000001 3 2 5 2 7 2 3 2 11
11110101110101101011010110101111 5 2 17 2 11 2 5 2 13
10100110011000111001001011100101 5 2 11 2 13 2 31 2 211
11101010111001001010011111110011 50777 2 2069 2 5 2 21211 2 929
10000100111000001010001000011011 5 2 3 2 37 2 5 2 3
11100011100001001001111111011111 3 2 5 2 5 2 3 2 7
10101000101111010010101101001101 3 5 7 3 102523 337 3 211 19
11110011011010100101110110101011 61 2 151 2 5 2 1783 2 211
11111000111101000100001100100011 3 2 5 2 7 2 3 2 7
10000110110101100100011000110011 53 17707 3 13 5 3 23459 193 3
11110001001100001001011001111101 3 5 167 3 23 17 3 71 17
11010101001110011010101000110111 3 2 3 2 7 2 3 2 3
11000101010110111001000100100001 41 2 73 2 25603 2 5 2 151
10100010100000011101110110101011 11 2 967 2 53 2 47 2 23
11010010000111100000001111100101 7 7 3 31 5 3 73 7 3
11000110101100011000101011011111 12239 2 3 2 1621 2 59 2 3
11001001100110011111111011111101 3 2 5 2 7 2 3 2 11
10000100000001011000110110001001 5 5 5519 17 10289 5 5 71 43
10101100111101101011101010110101 5 2 17 2 5 2 5 2 23
10101110100100011000011000111001 3 13 3 3 5 3 3 7 3
10100001101101100011110010100001 3 5 3 3 5 3 3 48121 3
10010101001001101011000101001001 229 2 79 2 1163 2 7 2 7
10011011010110001000001101101101 3 2 5 2 7 2 3 2 11
10100011110101111101111100101001 3 2 5 2 5 2 3 2 11
11000010101000010001101111110101 3 2 5 2 7 2 3 2 11
10110100011110010011000111011101 19 2 3 2 17 2 5 2 3
11011111011000111000000001101111 3 2 3 2 7 2 3 2 3
11100110000001010100101111110001 11 2 19 2 9781 2 47 2 13
11111100110000111111000101001111 11 2 11 2 5 2 619 2 1471
11001110011011001110101110000111 3 35933 59 3 641 37 3 19 409
11011001100100100010110011100011 40639 2 11 2 11 2 43 2 9011
11010101111000100100000000111101 3 11 3 3 5 3 3 11 3
10110101000010001010110000010111 3 2 5 2 7 2 3 2 11
10011011000010001111010111111001 3 2 3 2 7 2 3 2 3
10100011101110101011011101111011 5 79 3 7 19 3 7 5 3
11011100100100010101111100100101 13 5 5 43 47 1993 5 5 17
10011001100000010101101100100011 3 2 5 2 7 2 3 2 11
11001100101110101000100011111111 3257 11 5 157 157 47 11 5 199
10000000010100111001001001111101 113 2 42409 2 19 2 7 2 53
11011111001101010111111000011011 3 5 3 3 11 3 3 11 3
10001111001001100111100101001111 3 2 3 2 7 2 3 2 3
10001100011111100100001101101001 3 2 5 2 7 2 3 2 11
11110111010111111111010101000011 3 2 211 2 19 2 3 2 17
11000001110100001000101001000011 3 2 3 2 7 2 3 2 3
10000100111000110000101011111111 3 11 43 3 67 11 3 53 17
10000101100001111111111110001001 3 2 3 2 7 2 3 2 3
10000101001111101010110001000001 3 2 5 2 7 2 3 2 11
10100000000011010111110011011101 7 2 41 2 89 2 5 2 13
11100000111110001011101100010111 7 2 3 2 43 2 73 2 3
10001011110000010110101000100101 5 2 17 2 13 2 5 2 101
11111111011011111110011111110011 3 2 5 2 7 2 3 2 11
10101011000111111100010000011111 3 2 3 2 7 2 3 2 3
11011100100010101000111010100111 97 67 5 109 11 5843 13 5 31
11100001110011011011000101000101 1531 2 7 2 71 2 101 2 73
10011110101100010000001001100101 3 2 5 2 7 2 3 2 11
10000110100001110010110000011011 5 2 17 2 37 2 5 2 7
10000100111111000101010111011101 3 2 3 2 43 2 3 2 3
11100000000011101100000001110111 3 2 5 2 7 2 3 2 7
11001110010001100000111010111001 5 2 541 2 5693 2 53 2 31
11100011000001100101011111110001 3 491 19 3 2647 17 3 11 233
11001101101100110011101110110111 13 7 3 11 23 3 7 1789 3
11010001001110110001111010110101 27283 2 3 2 191 2 65831 2 3
10100011111000100100100000011111 3 19 3 3 5 3 3 557 3
10100011010110100110000010110101 5 317 3 151 5 3 103 37 3
10011100100011111001111110010111 3 2 5 2 5 2 3 2 7
11001101000100000011101110011001 31 5 3 11 5 3 5 11 3
10101001001110000010100100010001 7 2 3 2 43 2 73 2 3
10010101010111111011111111101111 13 2 3 2 181 2 11 2 3
11110110010011011100010011010111 67 7 5 19 83 197 181 5 7
11001011010100100011110100111001 59 7 58189 1109 47 37 281 17 7
11001011111110110000011101110101 17 2 100549 2 5 2 8807 2 15809
10000100101110000011011011111101 23 271 93263 7 119237 23 263 19 137
10001110110011110011001011000001 43 2 156059 2 101 2 19 2 163
10011011110000110000010000110111 7 5 3 3011 5 3 5 7 3
11010110010001011110101101010101 3 2 3 2 463 2 3 2 3
10101000011110000101100110101001 3 37 3 3 5 3 3 61231 3
11001000101011110101000000001001 1039 27581 53 6899 19 53 53917 127 60373
10110101000101110000011000010001 23 7 5 13 149 29 2381 5 7
10101001101100000101001110111111 127 2 3 2 139697 2 92927 2 3
11000101101111001110000111000111 29 2 3 2 63377 2 31 2 3
11100101110001100000110111000111 3 11 619 3 23 233 3 23 4177
11010011100000011010001010000111 139 2 13 2 97 2 7 2 500167
11011111110001111001110010001101 7 2 218137 2 5 2 25951 2 647
11010101001011001111101000011111 13 3163 101 19 17 19 37 23 13
10100001101110000001110101011001 113 5 3 137 5 3 5 8803 3
10110100000010110011100101011111 7 124979 389 7 3449 23 17 7 139
11010001010000101111100100000111 3 13 3 3 5 3 3 7 3
10111101001001110101010011111101 5 2 17 2 5 2 5 2 29
10110010100100011110110111110001 3 2 3 2 7 2 3 2 3
10011100101000110110101111111111 3 19 3 3 155317 3 3 43 3
11100010110010101101111000110001 3 7 131 3 23 1097 3 599 7
11010000010010011101000110000101 7 324473 5 7 31249 1039 199 5 37871
11111011101000100011000111111001 3 23 7 3 188711 373 3 11 17
