Case #1:
11101111111110000011011011001101 211 5 3 11 13 3 5 127 3
10101100111110100000101000111111 3 2 3 2 37 2 3 2 3
10111111000110100110100001001011 3 409 31 3 73 11 3 131 107
10110011011011000100000111101111 3 2 3 2 7 2 3 2 3
11110100110101000001100110011011 3 19 31 3 11 107 3 17 43
10001110100010000110100001011111 3 7 3 3 5 3 3 613 3
11011101001011101001001000100011 23 2 19 2 251 2 23 2 2677
10011000111011010010001010010011 3 7 3 3 5 3 3 73 3
10100101001000111100100101001011 17 53 3 131 5 3 349 613 3
10010100100100101101010100100011 11 2 607 2 41 2 7 2 29
10110011101110011000111100100101 17 2 3 2 13 2 11 2 3
11000101000110100111101110001111 3 2 3 2 7 2 3 2 3
10001101011010111110010110011111 3 2 5 2 5 2 3 2 7
11011001000011011010011010110111 3 2 3 2 7 2 3 2 3
11011000001000110010110010010101 3 2 5 2 7 2 3 2 11
11000111111101111110001101010011 3 11 3 3 83 3 3 11 3
10010101100011001110011111111111 5 2377 3 11 19 3 7 1087 3
10101000110110000101010101010011 3 5 3 3 5 3 3 6343 3
10010100101110000010101010101101 11 5 3 59 5 3 5 5 3
10100010000100101011110101100001 29 2 19 2 313 2 7 2 31
10001010011100111001100110111101 5 2 3 2 13 2 17 2 3
10111100000010111000001100011001 5 2 37 2 3253 2 7 2 13
11010011010011010111000101110101 2693 2 3 2 131 2 197 2 3
10110011011011110111010000000111 23 2 3 2 911 2 47 2 3
11000101010010101000110110101101 3 2 5 2 7 2 3 2 11
11100011011110000010000110110101 3 2 5 2 7 2 3 2 11
10010101111001101111000011001101 11 2 3 2 47 2 43 2 3
10010000000001100110110111001101 239 2 11 2 29 2 7 2 7
11011100010101000011101010000001 7 2 31 2 19 2 7 2 7
11000110110100011011000010111011 5 7 3181 19 11 5 193 853 7
10110010010001010001101010111101 3 2 5 2 7 2 3 2 11
11110110110010000101111011000011 3 2 3 2 7 2 3 2 3
10011110011110011011001010011011 3 7 17 3 17 373 3 7 7
11011100101010111001011101000101 401 2 3 2 131 2 37 2 3
10001101100101001011011010011111 3 2 3 2 7 2 3 2 3
11011111101000000101110101011001 5 2 3 2 269 2 11 2 3
11110010101111000110100010000101 23 2 19 2 11 2 11 2 7
10011101111101011110000110111001 11 2 151 2 5 2 47 2 7
11011001011100001001101010110111 3 2 3 2 7 2 3 2 3
10101111111011010100010111110011 53 101 3 7 127 3 7 43 3
11111100101100110011011101011011 23 29 3 13 947 3 7 1531 3
11001000101010101011011111100101 17 2 3 2 4703 2 23 2 3
11101100101101100110011111010111 13 19 3 457 19 3 7 17 3
10100000101011011101010010010111 3 2 5 2 7 2 3 2 11
11100111110101010000101001011011 5 2 3 2 37 2 5 2 3
11011110010101011111111101110111 3 2 3 2 239 2 3 2 3
10011010000000100100111000111001 3 109 47 3 17 17 3 1093 31
11001010011010111110000000000111 3 103 3 3 5 3 3 23 3
11111101000001101001101011011101 11 7 463 31 29 1123 139 11 7
10011100011110100011111001001011 5 2 3 2 37 2 5 2 3
10001001100001101000000100101111 3 5 4793 3 127 11 3 13 14891
10000100001111010110110001011001 3 281 3 3 5 3 3 643 3
11101111111010110010110000101001 3701 17 5 43 19 23 653 5 13
11100101101011000010010010101101 5 2 3989 2 211 2 19 2 29
11001111000101110111111101000011 19 2 3391 2 5 2 271 2 7
11111010100000110101010001000001 5 2 11 2 37 2 5 2 101
10011000100110010010010110010011 3 2 5 2 7 2 3 2 11
11011100111000100011000110011011 5 11 7 11 61 5 257 43 23
10001111111110100011011101000111 3 2 5 2 5 2 3 2 7
10010000110000000010101001101011 5 2 3 2 37 2 5 2 3
11011100010010000101011110001011 1319 2 13 2 83 2 5 2 3733
11111111010000001101010101111101 3 2 11 2 5 2 3 2 7
11111110111001110000110110011111 3 2 5 2 7 2 3 2 11
10000100101101100100111000010011 3 2 5 2 7 2 3 2 7
11010110000011011000000101110111 5 2 13 2 37 2 5 2 101
11100110101001111100110100100101 3 2 3 2 7 2 3 2 3
10010001011011001101101010011001 3 2 5 2 7 2 3 2 7
10001001101010001101010101101101 3 2 5 2 7 2 3 2 11
10011011011001001111001010010001 3 2 5 2 7 2 3 2 11
11001101001001111001011110110101 3 7 13 3 31 37 3 73 7
10100010010001000100111101001111 7 13 3 31 5 3 73 7 3
10100011100000011010000100110001 11 2 3 2 13 2 13 2 3
11000001001011101001100001110111 3 2 5 2 7 2 3 2 11
11101010000100000110111010100111 17 2 257 2 1297 2 17 2 29
11100110000011011011110111001111 3 2 5 2 5 2 3 2 11
10001011010010111011011110000111 109 2 3 2 17 2 12487 2 3
11100010111110101101100110100111 5 2 17 2 5 2 5 2 101
11001000101010010101000000001011 5 2 3 2 8269 2 593 2 3
10111001100100010110110000101001 43 7 3 79 5 3 13 83 3
11110101011000011101111111010011 509 157 3 563 17 3 7 5 3
10111100011010001101100111100011 7 2 3 2 29 2 73 2 3
11111101100110011001101000011111 3 2 5 2 5 2 3 2 7
11001101101110000001001101000001 7 2 643 2 67 2 7 2 1427
10010010111110011010101001101101 83 2 3 2 577 2 12653 2 3
10000100000110101100111110110101 3 2 5 2 7 2 3 2 11
11001011001100010110100001100001 3 2 5 2 7 2 3 2 11
10010101100011010000101000100101 23 5 71 113 17 11 5 11 7
10001100001110000011101001101011 11 1459 3 23 5 3 1543 5 3
10101001010101010010101001000111 6299 11 3 7 5 3 23 17 3
11001001001001110111010000010001 733 2 29 2 11 2 7 2 7
11110111111111110110001000111111 3 2 3 2 7 2 3 2 3
11101010111010001101010011100111 3 151 47 3 47 29 3 421 233
10001110111011011000111001110111 5 2 7 2 5 2 1583 2 2203
10110010000100100110001000111011 7 2 103 2 13907 2 7 2 29
11011101011101000010011011110111 60449 2 29 2 5 2 131 2 19
11010000101000110000110101111001 5 7 3 19 5 3 73 7 3
10001000100111000010101111110011 17 2 257 2 89 2 17 2 73
10000111100000110001001110110101 29 8243 3 7 5 3 607 683 3
10000011000101100000001000111111 4289 7 179 11 17 13 13 1201 7
10100101001100100001110001011101 3 41 3 3 5 3 3 29 3
11010101010101010110111110001111 3 2 149 2 5 2 3 2 131
10001001001110111100011110101001 3 19 53 3 53 47 3 127 491
10101100011000101101011010011011 3 8263 83 3 23293 17 3 7 521
10111010001110101101001100011011 11 2 3 2 32749 2 13 2 3
10111011001101001011101000001001 20173 2 5279 2 29 2 67 2 19
11010000111101001010010000110001 5 2 7 2 37 2 5 2 7
11101001110010110010100101010001 3 2 5 2 7 2 3 2 11
10100101101111101111110100010001 5 43 7 7 19 5 11 101 2251
11011110100100011100110111000011 271 2 3 2 101 2 17 2 3
11110011111011010010001000100001 47 2 41 2 1949 2 5 2 307
11011000011001001000101100011011 13 5 3 7 5 3 5 29 3
10000100011110000101001110101001 3 2 5 2 7 2 3 2 11
11001001100101011100010000101011 181 19777 3 97 5 3 17 349 3
11101100100000110110101110010111 5 2 3 2 37 2 5 2 3
11110111110111011100111010011111 17 2 3 2 11 2 5 2 3
11010001001100001010110000001001 3 2 3 2 7 2 3 2 3
10111000101011111100110001101111 14929 2 11 2 5 2 43 2 7
11101100010110110111101100100011 5 7 31 17 127 5 487 7 7
11000001000001101111101001010001 5 2 11 2 37 2 5 2 101
10100010001001000111011110001111 5 2 619 2 57077 2 22639 2 17
11010111000111111000110011010011 3 5 76907 3 103 3229 3 113 7
10100110111110010010000001000011 11 2 13 2 11 2 7 2 17
10111110100000001000000110110101 389 2 7 2 37831 2 7 2 173
10111101101100001100001111100101 3 2 3 2 7 2 3 2 3
10000110001010100110011101010001 3 2 5 2 7 2 3 2 11
10000111001100000100110011011001 17 2 257 2 103 2 7 2 73
11111000101110100001000110110011 3 5 43 3 607 5 3 29 19
11010000011001000011111011100011 3 2 5 2 7 2 3 2 11
11100011111101110111011000001001 19 7 7 2477 23 26399 6569 29 7
10110001001100000010110001100001 3 2 3 2 7 2 3 2 3
10001111000001010100111100001101 3 617 3 3 5 3 3 137 3
10000011101000101110110111011011 137 2 3 2 13 2 31 2 3
10010010111111001101100010110101 3 2 3 2 7 2 3 2 3
10010010110111011100101011111001 7 1873 31 2207 683 67 107 7 83
10100100110100001010001111010101 17 7 3 11 5 3 31 11 3
10011010000011111011010011010001 3 2 5 2 7 2 3 2 11
11011011100011111111101001001011 3 5 3 3 17 3 3 17 3
10100011000011010010110110010111 3 2 5 2 7 2 3 2 11
11001110011010011011001110011011 3 809 19 3 47 5 3 5623 19
11110000011001000000111111010101 607 2 199 2 2767 2 139 2 17
11100010000000111111010100111011 23 67 151 11 11 263 13 29 449
10000110010101111000100110111111 3 2 3 2 7 2 3 2 3
10111001100011010101101000010011 3 2 5 2 7 2 3 2 11
11010100001011101100100000100101 3 2 5 2 7 2 3 2 11
10010101110110011111001001110001 29 2 3 2 1061 2 5 2 3
10001111001001101001011111101001 5 2 3 2 37 2 5 2 3
10101111010100100111100010010101 61 17 7 1451 17 13 37 11 211
10110101000010011101001110100001 7 13 3 11 5 3 73 7 3
10011110101010010010000001101101 3 127 3 3 5 3 3 3251 3
11100111011110000001011001110011 23 2 3 2 23 2 193 2 3
10101011011001100000010101100001 3 2 5 2 7 2 3 2 11
10100011100110101011100110010101 3 11 7 3 19 13 3 17 479
10001010110011001100101011000001 7 2 167 2 911 2 7 2 7
10010010101010011001100011101111 13241 1049 5 7 11 23 53 5 19
11110110011110101000011001101111 31 2 167 2 5 2 41 2 47
11001001101011111000100000101001 263 167 3 271 5 3 1559 5 3
10011001000110110000101111110111 3 2 3 2 7 2 3 2 3
11110100100011111001101001111101 3 2 5 2 5 2 3 2 7
10100000011011100011011010010111 5 2 181 2 14879 2 59 2 1549
10110011011101010001001100110111 5 2 3 2 11 2 5 2 3
10101111100110001101111010000001 3 11 241 3 29 23 3 1823 449
10101010100011010011000010110011 11 11 3 11 5 3 11 5 3
11001001010111010000011000111111 3 7 13 3 31 29 3 73 7
10100001010111001001111010110111 3 2 3 2 7 2 3 2 3
10001100100001001011100110100011 5 2 29 2 19301 2 7 2 449
10011000010011101000010101101111 3 2 5 2 7 2 3 2 7
10111101111111001101111111111001 7 7621 29 23761 5 29 17 7 4079
11011001101000101001011010000111 223 2 73 2 167 2 5569 2 61
11001000100001100101110101011011 7 2 13 2 13 2 5 2 643
10010001001111110111111111010011 3 11 3 3 13 3 3 229 3
10100011111001011110001101010101 317 2 3 2 17 2 2027 2 3
10000010000101111001111100000011 3 2 5 2 7 2 3 2 11
10101100100111110000110010010101 3 2 5 2 7 2 3 2 11
11011011011011000111100110011011 3 2 5 2 5 2 3 2 11
11101111100001000000110110110001 3 2 5 2 7 2 3 2 11
11010110100110101110001001110101 3 2 3 2 7 2 3 2 3
10001100111000010000111111011111 3 2 3 2 7 2 3 2 3
10110010010010111000011000010101 3 2 5 2 7 2 3 2 11
11111000111000011111000101101111 3 2 5 2 5 2 3 2 7
11111101000001100110111010011111 3 2 5 2 5 2 3 2 11
10000011100100011010100110111011 509 2 7 2 47 2 5 2 7
10000100111111111011101010101111 7 13 3 31 11 3 7 5 3
11001101100100111001011011001101 11 2 3 2 227 2 37 2 3
10011111111010001011111110000001 3 109 19 3 83 11 3 13 5869
10111110001011110011001100100001 3 5 283 3 97 47 3 167 97
10111011011000010100000100011101 3 3697 3 3 5 3 3 37 3
11001101100110110011000111010101 7 2 3 2 17 2 73 2 3
10110011010111000010000101001101 3 43 3 3 5 3 3 239 3
11110110111010011010111100111101 5 2 7 2 37 2 5 2 7
11001011000111101001001001000111 3 2 5 2 7 2 3 2 11
10011111110001000000011010001111 3 2 5 2 7 2 3 2 11
10010110010110101110100111011111 3 2 5 2 5 2 3 2 11
10110010111000101011001011111011 17 23 23 7 7 13 11 13 653
11011000110010110011110110000101 11 7 839 67 11 23 47 13 7
10110001110101111001001101010011 11 2 3 2 223 2 13 2 3
10000011110010001110111101000001 5 7 3 4597 5 3 17 37561 3
11010010001110000011110110101001 7 2 13 2 11 2 5 2 71
10100001000101010010010001111101 3767 2 19 2 19 2 7 2 7
10010000001110101101110100010101 3 23 3 3 5 3 3 2437 3
10011101000010111111011111101111 3 2 5 2 7 2 3 2 11
11000110000001011001000100001011 73 2 3 2 181 2 37463 2 3
10101110010011111001011101010011 101 269 31 53 101 41 487 13 677
10100010100101000100101110110001 28277 2 743 2 1187 2 7 2 103
10011000010110100010100110000001 31 2 3 2 541 2 61 2 3
11011111011000111001010110001001 19 2 3 2 11 2 29867 2 3
11000001011101011110011000110001 29 2 107 2 15401 2 89 2 19
11011100010101011000001010001111 11 2 49117 2 599 2 5 2 13
11110011110110100100101101010111 19 2 7 2 5 2 43013 2 13
11001001011110010101010111011001 3 2 3 2 11 2 3 2 3
10010111001011000011001000011001 3 2 5 2 7 2 3 2 11
11011010110101010010001101000111 3 937 7 3 11 13 3 43 4519
10111001011000000001111111010111 17 2 3 2 1297 2 17 2 3
10100000010110011101000010100101 16729 5 733 67 191 769 5 19 1129
10000010001101001011100000110001 5 2 3 2 2441 2 1097 2 3
10100111100100100110000111011111 3 2 3 2 7 2 3 2 3
11000110000110100101110100101011 3 2 5 2 7 2 3 2 11
10000011110100010000110000001011 3 2 3 2 7 2 3 2 3
11010011010000100000001100110011 7 5 421 11 727 48757 5 7 7
10111010110111011111110001000011 3 2 5 2 5 2 3 2 11
10111101011010010001110110100001 31 17 23039 97 13 34033 13 31 47
10000101110011111001001010110111 3 2 3 2 7 2 3 2 3
11001011000111110011101000010101 7 59 11 149 2137 631 19 7 3121
11010000111101110011101001110001 269 2 3 2 11 2 409 2 3
11110101101101100001111110011001 359 2 7 2 5 2 5 2 233
11110010101001100010110100111111 3 281 73 3 17 163 3 11 107
11010100011110000010001010111011 523 2 11 2 17 2 19697 2 7
11001100111010100111111011101001 433 2 53309 2 5 2 5 2 8369
10000011110100101000111110010101 3 2 5 2 7 2 3 2 7
10101111000010010111010110100111 3 2 3 2 7 2 3 2 3
11101110001011101000001010110111 3 2 3 2 12379 2 3 2 3
10100101010001010011010111000001 3 2 7 2 29 2 3 2 7
11110001011111011100000010110111 3 19 19 3 11 271 3 7 17
11111001110101001110010011000101 1567 2 3 2 1201 2 167 2 3
10010101110100011001110001100001 7 13 3 13 5 3 73 5 3
10110110011101111101010011011011 3 7 3 3 31 3 3 11 3
10100000111001111000100010100101 1901 2 6529 2 13 2 7 2 21713
10110111111010111100010100111101 109 7 3 29 11 3 7 109 3
10010010101100000100100000000101 3 2 5 2 5 2 3 2 11
10011011011100010010010101111101 5 2 3 2 11 2 71 2 3
11100010001100000100011101101001 3 2 5 2 7 2 3 2 11
11011000100010111100001010100101 3 7 3 3 5 3 3 7 3
11000110100111100010111001011101 3 2 3 2 7 2 3 2 3
10110010010101010010111110011011 3 2 3 2 7 2 3 2 3
11111101110110010000101110011111 5 1231 3 19 11 3 7 1811 3
10011010010111000110100110000001 3 2 5 2 7 2 3 2 7
11100011100100000000101010100001 13 2 3 2 47 2 227 2 3
10001000010100110101110101111111 911 2 3 2 23 2 22877 2 3
11110111100111111110111011110111 3 2 5 2 7 2 3 2 7
11000110110101111110010010001101 17 2 3 2 13 2 5 2 3
10100011001100100011011111010001 3 2 5 2 7 2 3 2 11
11001110111001101000010001010111 5 5 11 311 17 5 5 7 197297
11100110101101101010110001011111 11 2 419 2 5 2 5 2 17747
11010011101110000010000101000011 3 2 5 2 7 2 3 2 11
11111110000011011100111001001111 3 2 5 2 5 2 3 2 11
11001110101110010110010111100111 3 2 5 2 5 2 3 2 11
10001110110101111100100100111011 7 5 37 29 13 4999 5 7 19
11100101111011001100010100011011 113 2 3 2 136343 2 139 2 3
10010001000111101101100110010101 9769 2 13 2 491 2 107 2 1181
10001001001011010010010010100111 5 2 13 2 37 2 5 2 101
10001010001110110101100101000111 3 2 5 2 7 2 3 2 7
10111110111101111010101001111111 7 2 3 2 43 2 37 2 3
10111111001011110100110010101011 5 2 17 2 5 2 5 2 101
10001001000011100110100101001011 4049 2 83 2 113 2 7 2 7
11100101100001101110000110110001 3 2 5 2 7 2 3 2 7
11100010101010010101100100001011 3 13 3 3 5 3 3 7 3
11110100011010011100100001111011 3 2 3 2 7 2 3 2 3
11101111101011111001010100110111 3 2 5 2 7 2 3 2 11
11110111011010001101111010110111 3 2 5 2 7 2 3 2 11
11011011101111110000010101101001 5 7 7 17 11 5 11 17 7
10111000000001010100110110000101 3 7 13 3 31 43 3 73 7
11100010010010100000100000100101 3 271 7 3 21859 5 3 11 103
10111101000000110010111011110011 11 2 3 2 9257 2 109 2 3
11011101110111110001001100100011 3 1201 43 3 29 877 3 43 53
10001100010000001010111011000111 25253 2 7 2 67 2 5 2 7
10101100000111111000111110110001 13 2 3 2 101 2 17401 2 3
10001100011010100100001111110001 7 13 3 31 5 3 61 7 3
10010101111101010110010010000011 5 2 17 2 37 2 5 2 101
11001110111110000110101101101011 653 2 31 2 5 2 17 2 23
11010101110110010101000101111001 7 2 3 2 43 2 73 2 3
11001111111011001011011011010011 11 5 3 163 17 3 5 547 3
11000001010100111000100010111001 3 2 5 2 7 2 3 2 11
10000100101111001110011001111101 3 2 3 2 7 2 3 2 3
10000001111010000101110011101011 139 2 71 2 449 2 5 2 6871
11101110010110000101111101111001 503 2 11131 2 5 2 463 2 17
10101100001100001001000110011101 3 2 5 2 7 2 3 2 7
11101001101001100110001011110011 5 2 3 2 79 2 11 2 3
11000110001000111110110101001001 3 2 5 2 7 2 3 2 11
10101001000000110110110011011101 3 2 5 2 7 2 3 2 11
10110000101100111100101010001111 5 2333 5 27067 41 5 7621 5 23
11101011010100000101011011011011 5 2 3 2 37 2 5 2 3
10100100011010011000101001011101 5 19 3 7 5 3 41 1297 3
11101000000011000111000100101011 5 2 11 2 37 2 5 2 7
10010111101000000000100101010111 10937 2 11813 2 101 2 7 2 7
10011101001011011011011110101001 7 17 197 359 1447 13 13 7 181
11011010000110010100111000000111 13679 7 3 653 5 3 83 409 3
10110110101011100100100111000111 13 2 3 2 41 2 67 2 3
10111101010010100110001101011001 13 43 113 19 13 11 18059 8293 71
11000111010111001011100110111011 3 2 5 2 5 2 3 2 11
11010101111101010100100011111101 3 2 11 2 5 2 3 2 19
10110010101001000101000111111001 3 2 5 2 7 2 3 2 11
11001101000101000101111101010001 761 2 207811 2 17 2 11 2 7
11011110101111000100010100101001 5 7 23 17 293 5 127 157 7
10100111010111011000110101000101 5 7 5 97 11 5 31 5 7
11101011111100001111110100011001 3 2 5 2 5 2 3 2 7
10001010101100001111101000101001 5 11 3 23 5 3 59 29 3
10101100101110111000101101101111 3 2 23 2 5 2 3 2 41
11011010010011101010110000100101 5 2 409 2 41 2 587 2 7
11000001010010100100100100011001 5 2 3 2 43 2 23 2 3
10110110100011011000010001100001 3 2 5 2 7 2 3 2 11
10010111111011011000111010010001 3 2 3 2 7 2 3 2 3
10010100101100001111100101101001 3 2 5 2 7 2 3 2 11
11110111111011010110100000011111 229 17 3 7 13 3 7 5659 3
10001011011001000110011000111011 5 2 71 2 19 2 47 2 26927
11000101101000111111110110010111 9341 2 70709 2 5 2 199 2 7
10100000111001100100010110001001 1039 5 228023 11 11 11 5 43 43
10100010100000101100011010111001 3 2 17 2 29 2 3 2 31
10111001001000011010000111100001 7 2 19 2 463 2 7 2 47
11111101011010110100000110010001 3 7 13 3 31 5 3 73 7
11111010101100111001011011100011 7 2 103 2 5 2 179 2 3643
10100010101111001101011010111111 5 2 17 2 5 2 5 2 101
11010111010001101000111010111111 3 2 5 2 5 2 3 2 11
10101000111000111001001111000011 2683 2 7 2 13 2 84011 2 89
11111110010000001100100111100001 3 2 5 2 7 2 3 2 11
11111111010111111101100101001111 11 2 3 2 967 2 157211 2 3
11011010001011100011010010000111 47 2 7 2 127 2 967 2 7
11011000110110011110101010111111 3 19 3 3 17 3 3 43457 3
11110011110100100000011000101101 3 2 5 2 7 2 3 2 11
11110110100110000100110001110111 7 2 3 2 11 2 152063 2 3
11110000110100010000011001010101 3 2 17 2 37 2 3 2 101
10101001110011000101111100101011 491 2 3 2 47 2 59 2 3
10100000110010000001111001000111 11 5 13 439 821 193 5 43 59
11101011011010111100011110000111 61 2 7 2 5 2 16889 2 7
11111111001001101111101010101011 3 2 257 2 11 2 3 2 73
11010001001111010110111001001001 3 11 89 3 2029 11 3 1511 211
10000010111101010100101100110011 3 2 5 2 7 2 3 2 7
11010010010001111000011111011111 3 7 7 3 31 43 3 37 7
11101011100010100110011111100111 13 2 1319 2 5 2 479 2 87587
11100010000010100100100101111001 5 2 17 2 37 2 5 2 53
10011000001100010110000010010011 3 2 3 2 7 2 3 2 3
10010011111100101000010110110111 3 2 3 2 7 2 3 2 3
11100011010000111110100100111101 3 2 3 2 7 2 3 2 3
10110100001001001010111001000111 3631 17 3 11 5 3 13 59 3
11011100101111001011111001010011 3 2 5 2 5 2 3 2 11
10111110101001111100110100000011 5 2 3 2 37 2 5 2 3
11011000111010111010001101100011 37 2 3 2 13 2 227 2 3
11000110110011111101111000111111 3 2 5 2 7 2 3 2 11
11010101110001111111000101000011 3 2 3 2 17 2 3 2 3
10011111011001111000111100110111 5 7 3 173 53 3 7 11 3
11001001001111111000111010001001 3 7 7 3 29 13 3 73 7
10000001101101110111100010100101 3 2 5 2 7 2 3 2 7
10001100111011011111111010110011 3 7 3 3 13 3 3 23 3
10011111101111100000110100011111 3 2 5 2 5 2 3 2 11
11011010111011010000111001100011 7 2 3 2 1597 2 263 2 3
10111100100001010110111100111001 3 2 3 2 7 2 3 2 3
10111110111101101111010111101011 7 2 3 2 43 2 73 2 3
10111010001101001001100100011011 1063 2 7 2 839 2 223 2 151
11010001000000010001111010000111 3 11 47 3 11 5 3 13 419
11100110011110111101111010100011 3 5 3 3 17 3 3 67 3
11100001101000110100001000000011 167 2 3 2 229 2 5 2 3
11010100010100100110110011100001 3 137 3 3 5 3 3 17 3
11011111100100001100001011010011 7 5 109 1483 739 283 5 7 13
10101011111101100110111110101011 3 2 23 2 83 2 3 2 19
10100100101100110111111001001101 3 2 3 2 7 2 3 2 3
11010010101110011101110010001101 3 2 3 2 7 2 3 2 3
10100111001101100001010111010101 5 151 5 151397 1019 5 61 5 30911
11111111100101101111101100001001 5 7 3 251 41 3 7 7 3
11000000010100110001001111110101 7 5 3 31 5 3 5 5 3
10011001011100001001100011111001 3 2 5 2 7 2 3 2 11
10000011001101001001001101110111 11 2 137 2 13 2 17 2 17
10100110111101010011101001111101 3 2 5 2 5 2 3 2 11
11000011100111101111100111000001 3 2 3 2 7 2 3 2 3
10101100000001001111000101110001 5 2 7 2 13 2 5 2 7
10111011011110100110011010011001 3 5 11 3 13 53 3 11 349
10101011111000000111101010101111 42337 7 43 239 7 37 29 11 7
10001000100100101001111100111001 3 5 3 3 5 3 3 977 3
10001110001010101010000001101111 5 19 3 11 5 3 19 839 3
11000011110001011100111001101101 19 2 3 2 11 2 5 2 3
10001100000111111001010101110111 7 2 3 2 43 2 31 2 3
10001001010110110110010011011001 5 2 67 2 953 2 61 2 19
10010100001101111111010111110101 3 2 421 2 5 2 3 2 1171
11111100100111010100101001011101 3 7 13 3 13 31 3 73 7
10110110101110010101000111110101 3 11 23 3 19 47 3 13 23
10000111000011010001001101000111 7 2 103 2 6761 2 7 2 1567
10011100110010111000000101010101 3 73 3 3 5 3 3 199 3
11101111000011100001011110110111 3 2 5 2 5 2 3 2 11
11010001010000110110100010001011 3 2 5 2 7 2 3 2 11
11001110011001000010110011010001 7 13127 3 7 5 3 327001 7 3
10011100111001110010011101110111 5 2 71 2 5 2 233 2 1753
11101000010111110001111101100001 5 2 3 2 17 2 5 2 3
10000011100000010110101111111001 19 2 2503 2 23 2 5 2 83
11010100001011000000000101010011 5 2 3 2 37 2 5 2 3
10000101110001110110111110100111 5 31 11 7 29 5 17 13 47
11001111001100011110001010101101 5 2 3 2 31 2 5 2 3
10001100110010010011000010110111 7 5 3 47 5 3 5 7 3
10010110110110100111010011011011 13 31 13 17 89 557 317 179 17
10111110000001101111011001001101 3 2 3 2 7 2 3 2 3
11110000011010111111110011010011 3 2 5 2 5 2 3 2 11
11010100001101001100000100011001 7 5 5 2851 307 11 5 5 13
11110000101111110010100110011001 5 2 3 2 11 2 373 2 3
10100000110001110000110110110001 3 2 5 2 7 2 3 2 11
10011100010110111100101000101111 83 2 3 2 2851 2 229 2 3
11111100011111100001111001110101 3 17 3 3 19 3 3 283 3
10100010100010111101011011000011 5 2 17 2 29 2 5 2 13
10001101111000010011011000110011 3 2 5 2 7 2 3 2 11
11111000111001011111001110001011 11 2 179 2 5 2 4019 2 31
10001000001000011111011111011001 3 2 5 2 7 2 3 2 11
11010111010011000101111010111111 3 5 3 3 157 3 3 53 3
10001011101000010011011110000001 1627 2 23 2 11 2 7 2 113
11100100100000110111011000010111 5 2 19 2 15377 2 17 2 229
11110000010101111001011101010101 11783 2 3 2 977 2 10151 2 3
10101001110010001111010100000101 7 13 3 31 5 3 11 7 3
10010111101001110110100001101111 23 5 16943 211 53 59 5 11 13
11011100110000101001000111010101 19 2 23 2 229 2 53 2 397
10100001100001100010100000100001 16073 2 7 2 5 2 59 2 61
11010000011100001101110010001011 47 239 3 233 5 3 307 53 3
11100011001011001101001100010011 3 2 5 2 7 2 3 2 11
10011111000011100010111010001001 179 2 221539 2 11 2 11 2 7
11110010000100110101011000010011 3 5 3 3 5 3 3 269 3
11110101000101001000010001001111 17 5 3 113 5 3 5 5 3
10001001000000111011111111100111 41 2 3 2 19 2 157 2 3
11100000110001010110000001110101 19 2 73 2 251 2 5 2 198397
10001100010001101111010001101011 3 2 5 2 7 2 3 2 11
11011010100111001000110100111011 677 2 3 2 29 2 5 2 3
11001011101110100111110010000011 31 2 3 2 11 2 11 2 3
10111111001011010011111111110111 3 2 3 2 7 2 3 2 3
11010111000111000110111001010011 2309 2 3 2 11 2 17 2 3
11000001001100001000010100010111 239 2 3 2 6977 2 29 2 3
10010000010011101011110111100111 3 2 3 2 7 2 3 2 3
10111101011111000111110111011101 79 19 5 7 17 383 29 5 79
10000100000101100010010110001111 389 42443 11 7 151 137 23 839 82163
11110011110100001110101100101111 11 2 6043 2 5 2 29 2 251
10110101011100110000101111110001 211 2 3 2 19 2 5 2 3
11111101101111101101010001101011 3 2 5 2 7 2 3 2 11
10110011100111010010010111111011 3 2 5 2 5 2 3 2 7
11011000001011101111001101101001 5 2 3 2 37 2 5 2 3
10100000111101100111101011111111 3 5 3 3 42409 3 3 71 3
11001111001110110010110101110011 3 2 5 2 5 2 3 2 11
11000101000110101111100011010111 7 2 3 2 11 2 73 2 3
10110010010111111111101110000011 5 2 11 2 5 2 31 2 41
11111111011101111010001101011111 79 2 3 2 193 2 5 2 3
10010000101110000111011010010101 5 7 3 103 5 3 2749 379 3
11100010111111100101100000001101 7 5 137 217519 71 109 5 7 13
11110111010010010101011000111001 31469 2 3 2 17 2 11 2 3
11101000000110010001000001011101 3 41 7 3 61 11 3 312703 487
10110110101110100100110101100101 3 2 3 2 7 2 3 2 3
10001011000010101111001101100011 29 2 7 2 19 2 229 2 79
10101111011100111000110001000111 3 2 3 2 7 2 3 2 3
11001110001101110101110001100011 463 2 3 2 1861 2 1847 2 3
11100000010000001101011100110111 3 5 3 3 5 3 3 7 3
11110000110000001100100111011011 3 2 5 2 7 2 3 2 11
10111010110111000001001110000011 7 2 13 2 29 2 5 2 8311
11110110011111100000101100001111 509 5 47 7 17 823 5 11 1511
11001011100101101000101110101101 5 2 3 2 13 2 267797 2 3
10001100001000001111111000011001 701 2 13 2 2557 2 7 2 149
11001110110001000000111100001001 3 2 5 2 7 2 3 2 7
10000011010111001000110100010011 11 2 107 2 90401 2 7 2 7
10111100101001010100010001111001 11 2 366167 2 127 2 23 2 13
11111100010111011000010100110001 17 5 5 11 59 17 5 5 2377
11011110010000000011101010011111 631 144817 11 7 71 11 2579 101 47
11000010110111101100101010100011 47 5 5 17 149 67 5 5 17
11010011011011001110010100011111 3 23 7 3 99859 211 3 757 7541
10111000110001101011101010001001 3 2 7 2 10211 2 3 2 11279
11001001100110110101111000001001 3 2 5 2 7 2 3 2 11
10000010111100101010101010011011 7 2 19 2 17 2 191119 2 47
11001101001011101010010111011011 5 67 269 139 1979 5 79 7 17
11101011000100000011011011011001 3 2 5 2 7 2 3 2 11
11001110000011010010010101110001 3 178597 3 3 5 3 3 93257 3
10010011101010000000010001010001 5 7 239 73 30493 5 67741 37 7
11000111101010011011010110011111 3 2 5 2 5 2 3 2 7
11000010101000110010100101000001 7 2 3 2 11 2 31 2 3
11011000010111001011100010010011 3 2 5 2 7 2 3 2 11
11111110001111001101110101001111 7 2 197 2 3613 2 11 2 31663
11000111110110110010000100001001 5 43 3 41453 5 3 78979 19 3
10010110001010110100001010001111 3 11 3 3 5 3 3 13037 3
10111100010110111111011001011011 10891 197 3 16699 346051 3 7 11 3
10001000011100111100110011001001 23 74821 3 7 5 3 13513 59 3
11001100110111110011001110100111 3 2 5 2 5 2 3 2 11
10000011110110011011101000110001 7 2 61 2 13 2 641 2 7
10000010000111100111011111100101 1667 5 21563 11 377623 43 5 23 23
10100100101100010111010111101011 3 2 3 2 7 2 3 2 3
11010111101000101010001110101011 3 2 3 2 149 2 3 2 3
11000000100110010001110010111011 5 7411 3 827 5 3 43 364669 3
10111111011011010100100011001001 3 2 3 2 7 2 3 2 3
11100010111010011111111111000001 1033 2 7 2 5 2 6551 2 499
11111000010011011011010010001111 3 2 3 2 7 2 3 2 3
11111110111001001011111011011101 101 31 67213 13 83 13 128237 19 17
10111110011001111100100101110101 3359 2 48197 2 5 2 195329 2 5351
11100100101010001110011001100111 3 11 457 3 47 11 3 19 305339
11110101101101111100100010000101 7489 2 3 2 13 2 17 2 3
11100011101110001010100100110001 17 2 5153 2 61 2 641 2 13
11110100000100011001001110001101 3 71 3 3 5 3 3 17 3
11101101011100000101000101010011 3 2 83 2 178487 2 3 2 19
10010111001000111001000000110011 3 2 5 2 7 2 3 2 11
11101000010101010110110011110111 3 19 7 3 103 2657 3 127 19
10000000110000000100110110000111 5347 43 53 19 709 443609 13 46993 63113
11110000010101010011011001111001 5 4517 5 157 307 5 29 5 41
11010100111111010101000101100001 67 89 281 7 7 151 11 487 180779
10001011010101001001110111000001 3 307 3 3 5 3 3 14401 3
10101010001101111110011001100001 3 7 13 3 31 13 3 73 7
11101111110001011011101011001001 47 2 7 2 5 2 5 2 139
